  [1m[36m (4.8ms)[0m  [1mCREATE TABLE "schema_migrations" ("version" varchar(255) NOT NULL) [0m
  [1m[35m (1.4ms)[0m  CREATE UNIQUE INDEX "unique_schema_migrations" ON "schema_migrations" ("version")
  [1m[36mActiveRecord::SchemaMigration Load (0.2ms)[0m  [1mSELECT "schema_migrations".* FROM "schema_migrations"[0m


Started HEAD "/" for 127.0.0.1 at 2014-02-01 08:56:30 +0100
Processing by Rails::WelcomeController#index as HTML
  Rendered /Users/Giggi/.rvm/gems/ruby-2.0.0-p247/gems/railties-4.0.1/lib/rails/templates/rails/welcome/index.html.erb (4.5ms)
Completed 200 OK in 125ms (Views: 26.9ms | ActiveRecord: 0.0ms)


Started GET "/" for 127.0.0.1 at 2014-02-01 08:56:30 +0100
Processing by Rails::WelcomeController#index as HTML
  Rendered /Users/Giggi/.rvm/gems/ruby-2.0.0-p247/gems/railties-4.0.1/lib/rails/templates/rails/welcome/index.html.erb (0.1ms)
Completed 200 OK in 5ms (Views: 3.8ms | ActiveRecord: 0.0ms)


Started HEAD "/" for 127.0.0.1 at 2014-02-01 08:56:58 +0100
Processing by Rails::WelcomeController#index as HTML
  Rendered /Users/Giggi/.rvm/gems/ruby-2.0.0-p247/gems/railties-4.0.1/lib/rails/templates/rails/welcome/index.html.erb (4.2ms)
Completed 200 OK in 72ms (Views: 20.0ms | ActiveRecord: 0.0ms)
  [1m[36mActiveRecord::SchemaMigration Load (0.6ms)[0m  [1mSELECT "schema_migrations".* FROM "schema_migrations"[0m


Started GET "/" for 127.0.0.1 at 2014-02-01 09:27:12 +0100
Processing by WelcomeController#index as HTML
  Rendered welcome/index.html.erb within layouts/application (2.5ms)
Completed 500 Internal Server Error in 3649ms

ActionView::Template::Error (undefined local variable or method `posts_path' for #<#<Class:0x007fff29f29718>:0x007fff29f28ac0>):
    19:         </div>
    20:         <div class="collapse navbar-collapse">
    21:           <ul class="nav navbar-nav">
    22:             <li class="<%= 'active' if params[:controller] == 'posts' %>"><%= link_to 'Posts', posts_path %></li>
    23:           </ul>
    24:         </div><!--/.nav-collapse -->
    25:       </div>
  app/views/layouts/application.html.erb:22:in `_app_views_layouts_application_html_erb__3690152152899392966_70366948592520'


  Rendered /Users/Giggi/.rvm/gems/ruby-2.0.0-p247/gems/actionpack-4.0.1/lib/action_dispatch/middleware/templates/rescues/_trace.erb (4.9ms)
  Rendered /Users/Giggi/.rvm/gems/ruby-2.0.0-p247/gems/actionpack-4.0.1/lib/action_dispatch/middleware/templates/rescues/_request_and_response.erb (2.1ms)
  Rendered /Users/Giggi/.rvm/gems/ruby-2.0.0-p247/gems/actionpack-4.0.1/lib/action_dispatch/middleware/templates/rescues/template_error.erb within rescues/layout (50.5ms)


Started GET "/" for 127.0.0.1 at 2014-02-01 09:28:08 +0100
Processing by WelcomeController#index as HTML
  Rendered welcome/index.html.erb within layouts/application (0.1ms)
Completed 500 Internal Server Error in 39ms

ActionView::Template::Error (undefined local variable or method `posts_path' for #<#<Class:0x007fff29f29718>:0x007fff2a55e908>):
    19:         </div>
    20:         <div class="collapse navbar-collapse">
    21:           <ul class="nav navbar-nav">
    22:             <!-- <li class="<%= 'active' if params[:controller] == 'posts' %>"><%= link_to 'Posts', posts_path %></li> -->
    23:           </ul>
    24:         </div><!--/.nav-collapse -->
    25:       </div>
  app/views/layouts/application.html.erb:22:in `_app_views_layouts_application_html_erb__3690152152899392966_70366948081780'


  Rendered /Users/Giggi/.rvm/gems/ruby-2.0.0-p247/gems/actionpack-4.0.1/lib/action_dispatch/middleware/templates/rescues/_trace.erb (2.7ms)
  Rendered /Users/Giggi/.rvm/gems/ruby-2.0.0-p247/gems/actionpack-4.0.1/lib/action_dispatch/middleware/templates/rescues/_request_and_response.erb (2.1ms)
  Rendered /Users/Giggi/.rvm/gems/ruby-2.0.0-p247/gems/actionpack-4.0.1/lib/action_dispatch/middleware/templates/rescues/template_error.erb within rescues/layout (52.7ms)


Started GET "/" for 127.0.0.1 at 2014-02-01 09:29:28 +0100
Processing by WelcomeController#index as HTML
  Rendered welcome/index.html.erb within layouts/application (0.1ms)
Completed 200 OK in 12ms (Views: 11.0ms | ActiveRecord: 0.0ms)


Started GET "/assets/application.css?body=1" for 127.0.0.1 at 2014-02-01 09:29:28 +0100


Started GET "/assets/bootstrap.css?body=1" for 127.0.0.1 at 2014-02-01 09:29:28 +0100


Started GET "/assets/welcome.css?body=1" for 127.0.0.1 at 2014-02-01 09:29:28 +0100


Started GET "/assets/jquery.js?body=1" for 127.0.0.1 at 2014-02-01 09:29:28 +0100


Started GET "/assets/jquery_ujs.js?body=1" for 127.0.0.1 at 2014-02-01 09:29:28 +0100


Started GET "/assets/turbolinks.js?body=1" for 127.0.0.1 at 2014-02-01 09:29:28 +0100


Started GET "/assets/welcome.js?body=1" for 127.0.0.1 at 2014-02-01 09:29:28 +0100


Started GET "/assets/application.js?body=1" for 127.0.0.1 at 2014-02-01 09:29:28 +0100


Started GET "/" for 127.0.0.1 at 2014-02-01 09:29:31 +0100
Processing by WelcomeController#index as HTML
  Rendered welcome/index.html.erb within layouts/application (0.7ms)
Completed 200 OK in 13ms (Views: 11.6ms | ActiveRecord: 0.0ms)


Started GET "/" for 127.0.0.1 at 2014-02-01 09:29:48 +0100
Processing by WelcomeController#index as HTML
  Rendered welcome/index.html.erb within layouts/application (0.7ms)
Completed 200 OK in 15ms (Views: 14.2ms | ActiveRecord: 0.0ms)


Started GET "/assets/application.css?body=1" for 127.0.0.1 at 2014-02-01 09:29:48 +0100


Started GET "/assets/bootstrap.css?body=1" for 127.0.0.1 at 2014-02-01 09:29:48 +0100


Started GET "/assets/welcome.css?body=1" for 127.0.0.1 at 2014-02-01 09:29:48 +0100


Started GET "/assets/jquery.js?body=1" for 127.0.0.1 at 2014-02-01 09:29:48 +0100


Started GET "/assets/jquery_ujs.js?body=1" for 127.0.0.1 at 2014-02-01 09:29:48 +0100


Started GET "/assets/turbolinks.js?body=1" for 127.0.0.1 at 2014-02-01 09:29:49 +0100


Started GET "/assets/welcome.js?body=1" for 127.0.0.1 at 2014-02-01 09:29:49 +0100


Started GET "/assets/application.js?body=1" for 127.0.0.1 at 2014-02-01 09:29:49 +0100
