[ 2014-02-01 08:56:17.4954 6477/0x7fff77d1f310 agents/Watchdog/Main.cpp:510 ]: Options: { 'analytics_log_user' => 'Giggi', 'cleanup_pidfiles' => 'L3Zhci9mb2xkZXJzL2syL19tcmdyNzA1NmY3YnoxM3FqX2p2NGhzaDAwMDBnbi9UL3Bhc3Nlbmdlci1zdGFuZGFsb25lLmJuNTVwdi90ZW1wX2Rpcl90b3VjaGVyLnBpZA==', 'default_group' => 'staff', 'default_python' => 'python', 'default_ruby' => '/Users/Giggi/.rvm/wrappers/ruby-2.0.0-p247/ruby', 'default_user' => 'Giggi', 'log_level' => '0', 'max_pool_size' => '6', 'passenger_root' => '/var/folders/k2/_mrgr7056f7bz13qj_jv4hsh0000gn/T/passenger-standalone.bn55pv/locations.ini', 'passenger_version' => '4.0.29', 'pool_idle_time' => '300', 'prestart_urls' => 'aHR0cDovLzAuMC4wLjA6MzAwMAA=', 'temp_dir' => '/tmp', 'union_station_gateway_address' => 'gateway.unionstationapp.com', 'union_station_gateway_port' => '443', 'user_switching' => 'false', 'web_server_passenger_version' => '4.0.29', 'web_server_pid' => '6476', 'web_server_type' => 'nginx', 'web_server_worker_gid' => '-1', 'web_server_worker_uid' => '-1' }
[ 2014-02-01 08:56:17.5633 6479/0x7fff77d1f310 agents/HelperAgent/Main.cpp:625 ]: PassengerHelperAgent online, listening at unix:/tmp/passenger.1.0.6476/generation-0/request
[ 2014-02-01 08:56:17.6028 6481/0x7fff77d1f310 agents/LoggingAgent/Main.cpp:318 ]: PassengerLoggingAgent online, listening at unix:/tmp/passenger.1.0.6476/generation-0/logging
[ 2014-02-01 08:56:17.6032 6477/0x7fff77d1f310 agents/Watchdog/Main.cpp:697 ]: All Phusion Passenger agents started!
App 6495 stdout: 
[ 2014-02-01 08:56:29.1523 6479/0x10d8c4000 Pool2/SmartSpawner.h:301 ]: Preloader for /Users/Giggi/ror/aws started on PID 6495, listening on unix:/tmp/passenger.1.0.6476/generation-0/backends/preloader.6495
[ 2014-02-01 08:56:50.3573 6628/0x7fff77d1f310 agents/Watchdog/Main.cpp:510 ]: Options: { 'analytics_log_user' => 'Giggi', 'cleanup_pidfiles' => 'L3Zhci9mb2xkZXJzL2syL19tcmdyNzA1NmY3YnoxM3FqX2p2NGhzaDAwMDBnbi9UL3Bhc3Nlbmdlci1zdGFuZGFsb25lLmU0MHMybC90ZW1wX2Rpcl90b3VjaGVyLnBpZA==', 'default_group' => 'staff', 'default_python' => 'python', 'default_ruby' => '/Users/Giggi/.rvm/wrappers/ruby-2.0.0-p247/ruby', 'default_user' => 'Giggi', 'log_level' => '0', 'max_pool_size' => '6', 'passenger_root' => '/var/folders/k2/_mrgr7056f7bz13qj_jv4hsh0000gn/T/passenger-standalone.e40s2l/locations.ini', 'passenger_version' => '4.0.29', 'pool_idle_time' => '300', 'prestart_urls' => 'aHR0cDovLzAuMC4wLjA6MzAwMAA=', 'temp_dir' => '/tmp', 'union_station_gateway_address' => 'gateway.unionstationapp.com', 'union_station_gateway_port' => '443', 'user_switching' => 'false', 'web_server_passenger_version' => '4.0.29', 'web_server_pid' => '6627', 'web_server_type' => 'nginx', 'web_server_worker_gid' => '-1', 'web_server_worker_uid' => '-1' }
[ 2014-02-01 08:56:50.3991 6630/0x7fff77d1f310 agents/HelperAgent/Main.cpp:625 ]: PassengerHelperAgent online, listening at unix:/tmp/passenger.1.0.6627/generation-0/request
[ 2014-02-01 08:56:50.4256 6632/0x7fff77d1f310 agents/LoggingAgent/Main.cpp:318 ]: PassengerLoggingAgent online, listening at unix:/tmp/passenger.1.0.6627/generation-0/logging
[ 2014-02-01 08:56:50.4260 6628/0x7fff77d1f310 agents/Watchdog/Main.cpp:697 ]: All Phusion Passenger agents started!
App 6644 stdout: 
[ 2014-02-01 08:56:57.8166 6630/0x102b25000 Pool2/SmartSpawner.h:301 ]: Preloader for /Users/Giggi/ror/aws started on PID 6644, listening on unix:/tmp/passenger.1.0.6627/generation-0/backends/preloader.6644
App 7946 stdout: 
[ 2014-02-01 09:29:34.2852 6630/0x102936000 Pool2/SmartSpawner.h:301 ]: Preloader for /Users/Giggi/ror/aws started on PID 7946, listening on unix:/tmp/passenger.1.0.6627/generation-0/backends/preloader.7946
[ 2014-02-28 14:44:42.2889 15128/7f06727d6740 agents/Watchdog/Main.cpp:538 ]: Options: { 'analytics_log_user' => 'luigi', 'cleanup_pidfiles' => 'L3RtcC9wYXNzZW5nZXItc3RhbmRhbG9uZS4xZWI0bnhwL3RlbXBfZGlyX3RvdWNoZXIucGlk', 'default_group' => 'luigi', 'default_python' => 'python', 'default_ruby' => '/home/luigi/.rvm/gems/ruby-2.1.0/wrappers/ruby', 'default_user' => 'luigi', 'log_level' => '0', 'max_pool_size' => '6', 'passenger_root' => '/tmp/passenger-standalone.1eb4nxp/locations.ini', 'passenger_version' => '4.0.36', 'pool_idle_time' => '300', 'prestart_urls' => 'aHR0cDovLzAuMC4wLjA6MzAwMAA=', 'temp_dir' => '/tmp', 'union_station_gateway_address' => 'gateway.unionstationapp.com', 'union_station_gateway_port' => '443', 'user_switching' => 'false', 'web_server_passenger_version' => '4.0.36', 'web_server_pid' => '15127', 'web_server_type' => 'nginx', 'web_server_worker_gid' => '-1', 'web_server_worker_uid' => '-1' }
[ 2014-02-28 14:44:42.2956 15131/7f388de28740 agents/HelperAgent/Main.cpp:639 ]: PassengerHelperAgent online, listening at unix:/tmp/passenger.1.0.15127/generation-0/request
[ 2014-02-28 14:44:42.3032 15138/7fc2ebb21740 agents/LoggingAgent/Main.cpp:321 ]: PassengerLoggingAgent online, listening at unix:/tmp/passenger.1.0.15127/generation-0/logging
[ 2014-02-28 14:44:42.3035 15128/7f06727d6740 agents/Watchdog/Main.cpp:728 ]: All Phusion Passenger agents started!
App 15162 stdout: 
[ 2014-02-28 14:44:45.9273 15131/7f388dd31700 Pool2/SmartSpawner.h:301 ]: Preloader for /home/luigi/aws started on PID 15162, listening on unix:/tmp/passenger.1.0.15127/generation-0/backends/preloader.15162
App 15261 stdout: 
App 15268 stdout: 
App 15294 stdout: 
[ 2014-02-28 14:45:58.2097 15405/7f4af3b6d740 agents/Watchdog/Main.cpp:538 ]: Options: { 'analytics_log_user' => 'luigi', 'cleanup_pidfiles' => 'L3RtcC9wYXNzZW5nZXItc3RhbmRhbG9uZS5zMzBhMnAvdGVtcF9kaXJfdG91Y2hlci5waWQ=', 'default_group' => 'luigi', 'default_python' => 'python', 'default_ruby' => '/home/luigi/.rvm/gems/ruby-2.1.0/wrappers/ruby', 'default_user' => 'luigi', 'log_level' => '0', 'max_pool_size' => '6', 'passenger_root' => '/tmp/passenger-standalone.s30a2p/locations.ini', 'passenger_version' => '4.0.36', 'pool_idle_time' => '300', 'prestart_urls' => 'aHR0cDovLzAuMC4wLjA6MzAwMAA=', 'temp_dir' => '/tmp', 'union_station_gateway_address' => 'gateway.unionstationapp.com', 'union_station_gateway_port' => '443', 'user_switching' => 'false', 'web_server_passenger_version' => '4.0.36', 'web_server_pid' => '15404', 'web_server_type' => 'nginx', 'web_server_worker_gid' => '-1', 'web_server_worker_uid' => '-1' }
[ 2014-02-28 14:45:58.2162 15408/7f15d0cdf740 agents/HelperAgent/Main.cpp:639 ]: PassengerHelperAgent online, listening at unix:/tmp/passenger.1.0.15404/generation-0/request
[ 2014-02-28 14:45:58.2238 15415/7fb0aacae740 agents/LoggingAgent/Main.cpp:321 ]: PassengerLoggingAgent online, listening at unix:/tmp/passenger.1.0.15404/generation-0/logging
[ 2014-02-28 14:45:58.2241 15405/7f4af3b6d740 agents/Watchdog/Main.cpp:728 ]: All Phusion Passenger agents started!
App 15441 stdout: 
[ 2014-02-28 14:46:01.9920 15408/7f15d0be8700 Pool2/SmartSpawner.h:301 ]: Preloader for /home/luigi/aws started on PID 15441, listening on unix:/tmp/passenger.1.0.15404/generation-0/backends/preloader.15441
App 15542 stdout: 
[ 2014-02-28 14:49:23.8762 15661/7f8fa9958740 agents/Watchdog/Main.cpp:538 ]: Options: { 'analytics_log_user' => 'luigi', 'cleanup_pidfiles' => 'L3RtcC9wYXNzZW5nZXItc3RhbmRhbG9uZS4xZm9lZTllL3RlbXBfZGlyX3RvdWNoZXIucGlk', 'default_group' => 'luigi', 'default_python' => 'python', 'default_ruby' => '/home/luigi/.rvm/gems/ruby-2.1.0/wrappers/ruby', 'default_user' => 'luigi', 'log_level' => '0', 'max_pool_size' => '6', 'passenger_root' => '/tmp/passenger-standalone.1foee9e/locations.ini', 'passenger_version' => '4.0.36', 'pool_idle_time' => '300', 'prestart_urls' => 'aHR0cDovLzAuMC4wLjA6MzAwMAA=', 'temp_dir' => '/tmp', 'union_station_gateway_address' => 'gateway.unionstationapp.com', 'union_station_gateway_port' => '443', 'user_switching' => 'false', 'web_server_passenger_version' => '4.0.36', 'web_server_pid' => '15660', 'web_server_type' => 'nginx', 'web_server_worker_gid' => '-1', 'web_server_worker_uid' => '-1' }
[ 2014-02-28 14:49:23.8828 15664/7f339e181740 agents/HelperAgent/Main.cpp:639 ]: PassengerHelperAgent online, listening at unix:/tmp/passenger.1.0.15660/generation-0/request
[ 2014-02-28 14:49:23.8904 15671/7fd5d37b3740 agents/LoggingAgent/Main.cpp:321 ]: PassengerLoggingAgent online, listening at unix:/tmp/passenger.1.0.15660/generation-0/logging
[ 2014-02-28 14:49:23.8907 15661/7f8fa9958740 agents/Watchdog/Main.cpp:728 ]: All Phusion Passenger agents started!
App 15697 stdout: 
[ 2014-02-28 14:49:27.7853 15664/7f339e08a700 Pool2/SmartSpawner.h:301 ]: Preloader for /home/luigi/aws started on PID 15697, listening on unix:/tmp/passenger.1.0.15660/generation-0/backends/preloader.15697
App 15806 stdout: 
App 15813 stdout: 
App 15821 stdout: 
App 15828 stdout: 
App 15697 stderr: [deprecated] I18n.enforce_available_locales will default to true in the future. If you really want to skip validation of your locale you can set I18n.enforce_available_locales = false to avoid this message.
App 15697 stderr: 
App 15852 stdout: 
App 15697 stderr: [deprecated] I18n.enforce_available_locales will default to true in the future. If you really want to skip validation of your locale you can set I18n.enforce_available_locales = false to avoid this message.
App 15697 stderr: 
App 16032 stdout: 
[ 2014-02-28 14:57:15.1773 15664/7f339e0cb700 Pool2/SmartSpawner.h:301 ]: Preloader for /home/luigi/aws started on PID 16032, listening on unix:/tmp/passenger.1.0.15660/generation-0/backends/preloader.16032
App 16131 stdout: 
App 16179 stdout: 
App 16186 stdout: 
App 16204 stdout: 
App 16032 stderr: [deprecated] I18n.enforce_available_locales will default to true in the future. If you really want to skip validation of your locale you can set I18n.enforce_available_locales = false to avoid this message.
App 16032 stderr: 
App 16032 stderr: [deprecated] I18n.enforce_available_locales will default to true in the future. If you really want to skip validation of your locale you can set I18n.enforce_available_locales = false to avoid this message.
App 16032 stderr: 
App 16269 stdout: 
App 16032 stderr: [deprecated] I18n.enforce_available_locales will default to true in the future. If you really want to skip validation of your locale you can set I18n.enforce_available_locales = false to avoid this message.
App 16032 stderr: 
App 16032 stderr: [deprecated] I18n.enforce_available_locales will default to true in the future. If you really want to skip validation of your locale you can set I18n.enforce_available_locales = false to avoid this message.
App 16647 stdout: 
[ 2014-02-28 15:16:02.5721 15664/7f339c0f0700 Pool2/SmartSpawner.h:301 ]: Preloader for /home/luigi/aws started on PID 16647, listening on unix:/tmp/passenger.1.0.15660/generation-0/backends/preloader.16647
App 16748 stdout: 
App 16796 stdout: 
App 16647 stderr: [deprecated] I18n.enforce_available_locales will default to true in the future. If you really want to skip validation of your locale you can set I18n.enforce_available_locales = false to avoid this message.
App 16647 stderr: 
[ 2014-02-28 16:07:01.3046 18094/7f180a721740 agents/Watchdog/Main.cpp:538 ]: Options: { 'analytics_log_user' => 'luigi', 'cleanup_pidfiles' => 'L3RtcC9wYXNzZW5nZXItc3RhbmRhbG9uZS51ejN5YTYvdGVtcF9kaXJfdG91Y2hlci5waWQ=', 'default_group' => 'luigi', 'default_python' => 'python', 'default_ruby' => '/home/luigi/.rvm/gems/ruby-2.1.0/wrappers/ruby', 'default_user' => 'luigi', 'log_level' => '0', 'max_pool_size' => '6', 'passenger_root' => '/tmp/passenger-standalone.uz3ya6/locations.ini', 'passenger_version' => '4.0.36', 'pool_idle_time' => '300', 'prestart_urls' => 'aHR0cDovLzAuMC4wLjA6MzAwMAA=', 'temp_dir' => '/tmp', 'union_station_gateway_address' => 'gateway.unionstationapp.com', 'union_station_gateway_port' => '443', 'user_switching' => 'false', 'web_server_passenger_version' => '4.0.36', 'web_server_pid' => '18093', 'web_server_type' => 'nginx', 'web_server_worker_gid' => '-1', 'web_server_worker_uid' => '-1' }
[ 2014-02-28 16:07:01.3112 18097/7faac31e5740 agents/HelperAgent/Main.cpp:639 ]: PassengerHelperAgent online, listening at unix:/tmp/passenger.1.0.18093/generation-0/request
[ 2014-02-28 16:07:01.3188 18104/7ffd3542e740 agents/LoggingAgent/Main.cpp:321 ]: PassengerLoggingAgent online, listening at unix:/tmp/passenger.1.0.18093/generation-0/logging
[ 2014-02-28 16:07:01.3191 18094/7f180a721740 agents/Watchdog/Main.cpp:728 ]: All Phusion Passenger agents started!
App 18128 stdout: 
[ 2014-02-28 16:07:05.2151 18097/7faac30ee700 Pool2/SmartSpawner.h:301 ]: Preloader for /home/luigi/aws started on PID 18128, listening on unix:/tmp/passenger.1.0.18093/generation-0/backends/preloader.18128
App 18227 stdout: 
App 18128 stderr: [deprecated] I18n.enforce_available_locales will default to true in the future. If you really want to skip validation of your locale you can set I18n.enforce_available_locales = false to avoid this message.
App 18128 stderr: 
App 18552 stdout: 
[ 2014-02-28 16:19:58.5862 18097/7faac312f700 Pool2/SmartSpawner.h:301 ]: Preloader for /home/luigi/aws started on PID 18552, listening on unix:/tmp/passenger.1.0.18093/generation-0/backends/preloader.18552
App 18651 stdout: 
App 18703 stdout: 
App 18717 stdout: 
App 18552 stderr: [deprecated] I18n.enforce_available_locales will default to true in the future. If you really want to skip validation of your locale you can set I18n.enforce_available_locales = false to avoid this message.
App 18552 stderr: 
App 19238 stdout: 
[ 2014-02-28 16:42:37.0636 18097/7faac30ee700 Pool2/SmartSpawner.h:301 ]: Preloader for /home/luigi/aws started on PID 19238, listening on unix:/tmp/passenger.1.0.18093/generation-0/backends/preloader.19238
App 19337 stdout: 
App 19455 stdout: 
App 19462 stdout: 
App 19238 stderr: [deprecated] I18n.enforce_available_locales will default to true in the future. If you really want to skip validation of your locale you can set I18n.enforce_available_locales = false to avoid this message.
App 19238 stderr: 
App 19472 stdout: 
[ 2014-02-28 16:47:16.0760 19495/7f0c5bd9b740 agents/Watchdog/Main.cpp:538 ]: Options: { 'analytics_log_user' => 'luigi', 'cleanup_pidfiles' => 'L3RtcC9wYXNzZW5nZXItc3RhbmRhbG9uZS4xdm0zNm5oL3RlbXBfZGlyX3RvdWNoZXIucGlk', 'default_group' => 'luigi', 'default_python' => 'python', 'default_ruby' => '/home/luigi/.rvm/gems/ruby-2.1.0/wrappers/ruby', 'default_user' => 'luigi', 'log_level' => '0', 'max_pool_size' => '6', 'passenger_root' => '/tmp/passenger-standalone.1vm36nh/locations.ini', 'passenger_version' => '4.0.36', 'pool_idle_time' => '300', 'prestart_urls' => 'aHR0cDovLzAuMC4wLjA6MzAwMAA=', 'temp_dir' => '/tmp', 'union_station_gateway_address' => 'gateway.unionstationapp.com', 'union_station_gateway_port' => '443', 'user_switching' => 'false', 'web_server_passenger_version' => '4.0.36', 'web_server_pid' => '19494', 'web_server_type' => 'nginx', 'web_server_worker_gid' => '-1', 'web_server_worker_uid' => '-1' }
[ 2014-02-28 16:47:16.0826 19498/7f016f0d8740 agents/HelperAgent/Main.cpp:639 ]: PassengerHelperAgent online, listening at unix:/tmp/passenger.1.0.19494/generation-0/request
[ 2014-02-28 16:47:16.0902 19505/7f00d6729740 agents/LoggingAgent/Main.cpp:321 ]: PassengerLoggingAgent online, listening at unix:/tmp/passenger.1.0.19494/generation-0/logging
[ 2014-02-28 16:47:16.0905 19495/7f0c5bd9b740 agents/Watchdog/Main.cpp:728 ]: All Phusion Passenger agents started!
App 19531 stdout: 
[ 2014-02-28 16:47:19.9941 19498/7f016efe1700 Pool2/SmartSpawner.h:301 ]: Preloader for /home/luigi/aws started on PID 19531, listening on unix:/tmp/passenger.1.0.19494/generation-0/backends/preloader.19531
App 19640 stdout: 
App 19647 stdout: 
App 19654 stdout: 
App 19531 stderr: [deprecated] I18n.enforce_available_locales will default to true in the future. If you really want to skip validation of your locale you can set I18n.enforce_available_locales = false to avoid this message.
App 19531 stderr: 
App 19670 stdout: 
App 19678 stdout: 
App 19531 stderr: [deprecated] I18n.enforce_available_locales will default to true in the future. If you really want to skip validation of your locale you can set I18n.enforce_available_locales = false to avoid this message.
App 19531 stderr: 
App 19704 stdout: 
App 19531 stderr: [deprecated] I18n.enforce_available_locales will default to true in the future. If you really want to skip validation of your locale you can set I18n.enforce_available_locales = false to avoid this message.
App 19531 stderr: 
App 19531 stderr: [deprecated] I18n.enforce_available_locales will default to true in the future. If you really want to skip validation of your locale you can set I18n.enforce_available_locales = false to avoid this message.
App 19531 stderr: 
App 19935 stdout: 
[ 2014-02-28 16:57:18.8523 19498/7f016f022700 Pool2/SmartSpawner.h:301 ]: Preloader for /home/luigi/aws started on PID 19935, listening on unix:/tmp/passenger.1.0.19494/generation-0/backends/preloader.19935
App 20034 stdout: 
App 20086 stdout: 
App 19935 stderr: [deprecated] I18n.enforce_available_locales will default to true in the future. If you really want to skip validation of your locale you can set I18n.enforce_available_locales = false to avoid this message.
App 19935 stderr: 
App 20108 stdout: 
App 19935 stderr: [deprecated] I18n.enforce_available_locales will default to true in the future. If you really want to skip validation of your locale you can set I18n.enforce_available_locales = false to avoid this message.
App 19935 stderr: 
App 19935 stderr: [deprecated] I18n.enforce_available_locales will default to true in the future. If you really want to skip validation of your locale you can set I18n.enforce_available_locales = false to avoid this message.
App 19935 stderr: 
App 20148 stdout: 
App 20197 stdout: 
[ 2014-02-28 17:02:55.5647 20224/7fb8ccb1b740 agents/Watchdog/Main.cpp:538 ]: Options: { 'analytics_log_user' => 'luigi', 'cleanup_pidfiles' => 'L3RtcC9wYXNzZW5nZXItc3RhbmRhbG9uZS5lZjNwZTIvdGVtcF9kaXJfdG91Y2hlci5waWQ=', 'default_group' => 'luigi', 'default_python' => 'python', 'default_ruby' => '/home/luigi/.rvm/gems/ruby-2.1.0/wrappers/ruby', 'default_user' => 'luigi', 'log_level' => '0', 'max_pool_size' => '6', 'passenger_root' => '/tmp/passenger-standalone.ef3pe2/locations.ini', 'passenger_version' => '4.0.36', 'pool_idle_time' => '300', 'prestart_urls' => 'aHR0cDovLzAuMC4wLjA6MzAwMAA=', 'temp_dir' => '/tmp', 'union_station_gateway_address' => 'gateway.unionstationapp.com', 'union_station_gateway_port' => '443', 'user_switching' => 'false', 'web_server_passenger_version' => '4.0.36', 'web_server_pid' => '20223', 'web_server_type' => 'nginx', 'web_server_worker_gid' => '-1', 'web_server_worker_uid' => '-1' }
[ 2014-02-28 17:02:55.5713 20227/7f8b42a0b740 agents/HelperAgent/Main.cpp:639 ]: PassengerHelperAgent online, listening at unix:/tmp/passenger.1.0.20223/generation-0/request
[ 2014-02-28 17:02:55.5788 20234/7fd63e960740 agents/LoggingAgent/Main.cpp:321 ]: PassengerLoggingAgent online, listening at unix:/tmp/passenger.1.0.20223/generation-0/logging
[ 2014-02-28 17:02:55.5791 20224/7fb8ccb1b740 agents/Watchdog/Main.cpp:728 ]: All Phusion Passenger agents started!
App 20258 stdout: 
[ 2014-02-28 17:02:59.6018 20227/7f8b42914700 Pool2/SmartSpawner.h:301 ]: Preloader for /home/luigi/aws started on PID 20258, listening on unix:/tmp/passenger.1.0.20223/generation-0/backends/preloader.20258
App 20359 stdout: 
App 20366 stdout: 
App 20386 stdout: 
App 20258 stderr: [deprecated] I18n.enforce_available_locales will default to true in the future. If you really want to skip validation of your locale you can set I18n.enforce_available_locales = false to avoid this message.
App 20258 stderr: 
App 20476 stdout: 
App 20258 stderr: [deprecated] I18n.enforce_available_locales will default to true in the future. If you really want to skip validation of your locale you can set I18n.enforce_available_locales = false to avoid this message.
App 20258 stderr: 
App 20588 stdout: 
App 20596 stdout: 
App 20258 stderr: [deprecated] I18n.enforce_available_locales will default to true in the future. If you really want to skip validation of your locale you can set I18n.enforce_available_locales = false to avoid this message.
App 20258 stderr: 
App 20258 stderr: [deprecated] I18n.enforce_available_locales will default to true in the future. If you really want to skip validation of your locale you can set I18n.enforce_available_locales = false to avoid this message.
App 20258 stderr: 
App 20258 stderr: [deprecated] I18n.enforce_available_locales will default to true in the future. If you really want to skip validation of your locale you can set I18n.enforce_available_locales = false to avoid this message.
App 20258 stderr: 
App 21014 stdout: 
[ 2014-02-28 17:27:27.7035 20227/7f8b42955700 Pool2/SmartSpawner.h:301 ]: Preloader for /home/luigi/aws started on PID 21014, listening on unix:/tmp/passenger.1.0.20223/generation-0/backends/preloader.21014
App 21113 stdout: 
App 21137 stdout: 
App 21424 stdout: 
[ 2014-02-28 17:39:23.5725 20227/7f8b42955700 Pool2/SmartSpawner.h:301 ]: Preloader for /home/luigi/aws started on PID 21424, listening on unix:/tmp/passenger.1.0.20223/generation-0/backends/preloader.21424
App 21525 stdout: 
App 21558 stdout: 
App 21424 stderr: [deprecated] I18n.enforce_available_locales will default to true in the future. If you really want to skip validation of your locale you can set I18n.enforce_available_locales = false to avoid this message.
App 21594 stdout: 
App 21424 stderr: [deprecated] I18n.enforce_available_locales will default to true in the future. If you really want to skip validation of your locale you can set I18n.enforce_available_locales = false to avoid this message.
App 21424 stderr: 
App 21604 stdout: 
App 21424 stderr: [deprecated] I18n.enforce_available_locales will default to true in the future. If you really want to skip validation of your locale you can set I18n.enforce_available_locales = false to avoid this message.
App 21424 stderr: 
[ 2014-02-28 17:42:38.1495 21647/7fe8c0068740 agents/Watchdog/Main.cpp:538 ]: Options: { 'analytics_log_user' => 'luigi', 'cleanup_pidfiles' => 'L3RtcC9wYXNzZW5nZXItc3RhbmRhbG9uZS54dDkwdTAvdGVtcF9kaXJfdG91Y2hlci5waWQ=', 'default_group' => 'luigi', 'default_python' => 'python', 'default_ruby' => '/home/luigi/.rvm/gems/ruby-2.1.0/wrappers/ruby', 'default_user' => 'luigi', 'log_level' => '0', 'max_pool_size' => '6', 'passenger_root' => '/tmp/passenger-standalone.xt90u0/locations.ini', 'passenger_version' => '4.0.36', 'pool_idle_time' => '300', 'prestart_urls' => 'aHR0cDovLzAuMC4wLjA6MzAwMAA=', 'temp_dir' => '/tmp', 'union_station_gateway_address' => 'gateway.unionstationapp.com', 'union_station_gateway_port' => '443', 'user_switching' => 'false', 'web_server_passenger_version' => '4.0.36', 'web_server_pid' => '21646', 'web_server_type' => 'nginx', 'web_server_worker_gid' => '-1', 'web_server_worker_uid' => '-1' }
[ 2014-02-28 17:42:38.1561 21650/7f8ad324c740 agents/HelperAgent/Main.cpp:639 ]: PassengerHelperAgent online, listening at unix:/tmp/passenger.1.0.21646/generation-0/request
[ 2014-02-28 17:42:38.1637 21657/7faee865a740 agents/LoggingAgent/Main.cpp:321 ]: PassengerLoggingAgent online, listening at unix:/tmp/passenger.1.0.21646/generation-0/logging
[ 2014-02-28 17:42:38.1640 21647/7fe8c0068740 agents/Watchdog/Main.cpp:728 ]: All Phusion Passenger agents started!
App 21681 stdout: 
[ 2014-02-28 17:42:42.1822 21650/7f8ad3155700 Pool2/SmartSpawner.h:301 ]: Preloader for /home/luigi/aws started on PID 21681, listening on unix:/tmp/passenger.1.0.21646/generation-0/backends/preloader.21681
App 21782 stdout: 
App 21789 stdout: 
App 21797 stdout: 
App 21681 stderr: [deprecated] I18n.enforce_available_locales will default to true in the future. If you really want to skip validation of your locale you can set I18n.enforce_available_locales = false to avoid this message.
App 21681 stderr: 
[ 2014-02-28 17:42:57.7482 21832/7f3028855740 agents/Watchdog/Main.cpp:538 ]: Options: { 'analytics_log_user' => 'luigi', 'cleanup_pidfiles' => 'L3RtcC9wYXNzZW5nZXItc3RhbmRhbG9uZS5mZ2tvd3UvdGVtcF9kaXJfdG91Y2hlci5waWQ=', 'default_group' => 'luigi', 'default_python' => 'python', 'default_ruby' => '/home/luigi/.rvm/gems/ruby-2.1.0/wrappers/ruby', 'default_user' => 'luigi', 'log_level' => '0', 'max_pool_size' => '6', 'passenger_root' => '/tmp/passenger-standalone.fgkowu/locations.ini', 'passenger_version' => '4.0.36', 'pool_idle_time' => '300', 'prestart_urls' => 'aHR0cDovLzAuMC4wLjA6MzAwMAA=', 'temp_dir' => '/tmp', 'union_station_gateway_address' => 'gateway.unionstationapp.com', 'union_station_gateway_port' => '443', 'user_switching' => 'false', 'web_server_passenger_version' => '4.0.36', 'web_server_pid' => '21831', 'web_server_type' => 'nginx', 'web_server_worker_gid' => '-1', 'web_server_worker_uid' => '-1' }
[ 2014-02-28 17:42:57.7547 21835/7f6d1b996740 agents/HelperAgent/Main.cpp:639 ]: PassengerHelperAgent online, listening at unix:/tmp/passenger.1.0.21831/generation-0/request
[ 2014-02-28 17:42:57.7625 21843/7f3f45597740 agents/LoggingAgent/Main.cpp:321 ]: PassengerLoggingAgent online, listening at unix:/tmp/passenger.1.0.21831/generation-0/logging
[ 2014-02-28 17:42:57.7628 21832/7f3028855740 agents/Watchdog/Main.cpp:728 ]: All Phusion Passenger agents started!
App 21866 stdout: 
[ 2014-02-28 17:43:01.7403 21835/7f6d1b89f700 Pool2/SmartSpawner.h:301 ]: Preloader for /home/luigi/aws started on PID 21866, listening on unix:/tmp/passenger.1.0.21831/generation-0/backends/preloader.21866
App 21969 stdout: 
App 21976 stdout: 
App 21866 stderr: [deprecated] I18n.enforce_available_locales will default to true in the future. If you really want to skip validation of your locale you can set I18n.enforce_available_locales = false to avoid this message.
App 21866 stderr: 
App 21984 stdout: 
App 21991 stdout: 
App 21866 stderr: [deprecated] I18n.enforce_available_locales will default to true in the future. If you really want to skip validation of your locale you can set I18n.enforce_available_locales = false to avoid this message.
App 21866 stderr: 
App 22083 stdout: 
App 21866 stderr: [deprecated] I18n.enforce_available_locales will default to true in the future. If you really want to skip validation of your locale you can set I18n.enforce_available_locales = false to avoid this message.
App 21866 stderr: [deprecated] I18n.enforce_available_locales will default to true in the future. If you really want to skip validation of your locale you can set I18n.enforce_available_locales = false to avoid this message.
App 21866 stderr: 
App 22101 stdout: 
[ 2014-03-01 07:32:20.5298 870/0x7fff7da8f310 agents/Watchdog/Main.cpp:510 ]: Options: { 'analytics_log_user' => 'Giggi', 'cleanup_pidfiles' => 'L3Zhci9mb2xkZXJzL2syL19tcmdyNzA1NmY3YnoxM3FqX2p2NGhzaDAwMDBnbi9UL3Bhc3Nlbmdlci1zdGFuZGFsb25lLjFrM2kwOG0vdGVtcF9kaXJfdG91Y2hlci5waWQ=', 'default_group' => 'staff', 'default_python' => 'python', 'default_ruby' => '/Users/Giggi/.rvm/wrappers/ruby-2.0.0-p247/ruby', 'default_user' => 'Giggi', 'log_level' => '0', 'max_pool_size' => '6', 'passenger_root' => '/var/folders/k2/_mrgr7056f7bz13qj_jv4hsh0000gn/T/passenger-standalone.1k3i08m/locations.ini', 'passenger_version' => '4.0.29', 'pool_idle_time' => '300', 'prestart_urls' => 'aHR0cDovLzAuMC4wLjA6MzAwMAA=', 'temp_dir' => '/tmp', 'union_station_gateway_address' => 'gateway.unionstationapp.com', 'union_station_gateway_port' => '443', 'user_switching' => 'false', 'web_server_passenger_version' => '4.0.29', 'web_server_pid' => '869', 'web_server_type' => 'nginx', 'web_server_worker_gid' => '-1', 'web_server_worker_uid' => '-1' }
[ 2014-03-01 07:32:20.5982 872/0x7fff7da8f310 agents/HelperAgent/Main.cpp:625 ]: PassengerHelperAgent online, listening at unix:/tmp/passenger.1.0.869/generation-0/request
[ 2014-03-01 07:32:20.6446 874/0x7fff7da8f310 agents/LoggingAgent/Main.cpp:318 ]: PassengerLoggingAgent online, listening at unix:/tmp/passenger.1.0.869/generation-0/logging
[ 2014-03-01 07:32:20.6451 870/0x7fff7da8f310 agents/Watchdog/Main.cpp:697 ]: All Phusion Passenger agents started!
App 886 stdout: 
[ 2014-03-01 07:32:27.1463 872/0x108de8000 Pool2/SmartSpawner.h:301 ]: Preloader for /Users/Giggi/ror/aws started on PID 886, listening on unix:/tmp/passenger.1.0.869/generation-0/backends/preloader.886
App 886 stderr: [deprecated] I18n.enforce_available_locales will default to true in the future. If you really want to skip validation of your locale you can set I18n.enforce_available_locales = false to avoid this message.
[ 2014-03-02 07:10:18.9310 4136/0x7fff7da8f310 agents/Watchdog/Main.cpp:510 ]: Options: { 'analytics_log_user' => 'Giggi', 'cleanup_pidfiles' => 'L3Zhci9mb2xkZXJzL2syL19tcmdyNzA1NmY3YnoxM3FqX2p2NGhzaDAwMDBnbi9UL3Bhc3Nlbmdlci1zdGFuZGFsb25lLjcwaGYzL3RlbXBfZGlyX3RvdWNoZXIucGlk', 'default_group' => 'staff', 'default_python' => 'python', 'default_ruby' => '/Users/Giggi/.rvm/wrappers/ruby-2.0.0-p247/ruby', 'default_user' => 'Giggi', 'log_level' => '0', 'max_pool_size' => '6', 'passenger_root' => '/var/folders/k2/_mrgr7056f7bz13qj_jv4hsh0000gn/T/passenger-standalone.70hf3/locations.ini', 'passenger_version' => '4.0.29', 'pool_idle_time' => '300', 'prestart_urls' => 'aHR0cDovLzAuMC4wLjA6MzAwMAA=', 'temp_dir' => '/tmp', 'union_station_gateway_address' => 'gateway.unionstationapp.com', 'union_station_gateway_port' => '443', 'user_switching' => 'false', 'web_server_passenger_version' => '4.0.29', 'web_server_pid' => '4135', 'web_server_type' => 'nginx', 'web_server_worker_gid' => '-1', 'web_server_worker_uid' => '-1' }
[ 2014-03-02 07:10:18.9940 4138/0x7fff7da8f310 agents/HelperAgent/Main.cpp:625 ]: PassengerHelperAgent online, listening at unix:/tmp/passenger.1.0.4135/generation-0/request
[ 2014-03-02 07:10:19.0413 4140/0x7fff7da8f310 agents/LoggingAgent/Main.cpp:318 ]: PassengerLoggingAgent online, listening at unix:/tmp/passenger.1.0.4135/generation-0/logging
[ 2014-03-02 07:10:19.0417 4136/0x7fff7da8f310 agents/Watchdog/Main.cpp:697 ]: All Phusion Passenger agents started!
App 4153 stdout: 
[ 2014-03-02 07:10:26.9772 4138/0x10d68b000 Pool2/SmartSpawner.h:301 ]: Preloader for /Users/Giggi/ror/aws started on PID 4153, listening on unix:/tmp/passenger.1.0.4135/generation-0/backends/preloader.4153
App 4461 stdout: 
[ 2014-03-02 07:18:47.3223 4138/0x10d49c000 Pool2/SmartSpawner.h:301 ]: Preloader for /Users/Giggi/ror/aws started on PID 4461, listening on unix:/tmp/passenger.1.0.4135/generation-0/backends/preloader.4461
[ 2014-03-02 07:22:19.6040 4662/0x7fff7da8f310 agents/Watchdog/Main.cpp:510 ]: Options: { 'analytics_log_user' => 'Giggi', 'cleanup_pidfiles' => 'L3Zhci9mb2xkZXJzL2syL19tcmdyNzA1NmY3YnoxM3FqX2p2NGhzaDAwMDBnbi9UL3Bhc3Nlbmdlci1zdGFuZGFsb25lLnlvMWVsMS90ZW1wX2Rpcl90b3VjaGVyLnBpZA==', 'default_group' => 'staff', 'default_python' => 'python', 'default_ruby' => '/Users/Giggi/.rvm/wrappers/ruby-2.0.0-p247/ruby', 'default_user' => 'Giggi', 'log_level' => '0', 'max_pool_size' => '6', 'passenger_root' => '/var/folders/k2/_mrgr7056f7bz13qj_jv4hsh0000gn/T/passenger-standalone.yo1el1/locations.ini', 'passenger_version' => '4.0.29', 'pool_idle_time' => '300', 'prestart_urls' => 'aHR0cDovLzAuMC4wLjA6MzAwMAA=', 'temp_dir' => '/tmp', 'union_station_gateway_address' => 'gateway.unionstationapp.com', 'union_station_gateway_port' => '443', 'user_switching' => 'false', 'web_server_passenger_version' => '4.0.29', 'web_server_pid' => '4661', 'web_server_type' => 'nginx', 'web_server_worker_gid' => '-1', 'web_server_worker_uid' => '-1' }
[ 2014-03-02 07:22:19.6446 4664/0x7fff7da8f310 agents/HelperAgent/Main.cpp:625 ]: PassengerHelperAgent online, listening at unix:/tmp/passenger.1.0.4661/generation-0/request
[ 2014-03-02 07:22:19.6626 4666/0x7fff7da8f310 agents/LoggingAgent/Main.cpp:318 ]: PassengerLoggingAgent online, listening at unix:/tmp/passenger.1.0.4661/generation-0/logging
[ 2014-03-02 07:22:19.6630 4662/0x7fff7da8f310 agents/Watchdog/Main.cpp:697 ]: All Phusion Passenger agents started!
App 4678 stdout: 
[ 2014-03-02 07:22:25.5095 4664/0x105f9e000 Pool2/SmartSpawner.h:301 ]: Preloader for /Users/Giggi/ror/aws started on PID 4678, listening on unix:/tmp/passenger.1.0.4661/generation-0/backends/preloader.4678
App 4678 stderr: [deprecated] I18n.enforce_available_locales will default to true in the future. If you really want to skip validation of your locale you can set I18n.enforce_available_locales = false to avoid this message.
App 4678 stderr: [deprecated] I18n.enforce_available_locales will default to true in the future. If you really want to skip validation of your locale you can set I18n.enforce_available_locales = false to avoid this message.
App 5049 stdout: 
[ 2014-03-02 07:49:03.6840 4664/0x105dae000 Pool2/SmartSpawner.h:301 ]: Preloader for /Users/Giggi/ror/aws started on PID 5049, listening on unix:/tmp/passenger.1.0.4661/generation-0/backends/preloader.5049
App 5049 stderr: [deprecated] I18n.enforce_available_locales will default to true in the future. If you really want to skip validation of your locale you can set I18n.enforce_available_locales = false to avoid this message.
App 5049 stderr: 
App 5049 stderr: [deprecated] I18n.enforce_available_locales will default to true in the future. If you really want to skip validation of your locale you can set I18n.enforce_available_locales = false to avoid this message.
App 5049 stderr: [deprecated] I18n.enforce_available_locales will default to true in the future. If you really want to skip validation of your locale you can set I18n.enforce_available_locales = false to avoid this message.
App 5049 stderr: [deprecated] I18n.enforce_available_locales will default to true in the future. If you really want to skip validation of your locale you can set I18n.enforce_available_locales = false to avoid this message.
App 5049 stderr: [deprecated] I18n.enforce_available_locales will default to true in the future. If you really want to skip validation of your locale you can set I18n.enforce_available_locales = false to avoid this message.
App 5398 stdout: 
[ 2014-03-02 07:58:59.5594 4664/0x105dae000 Pool2/SmartSpawner.h:301 ]: Preloader for /Users/Giggi/ror/aws started on PID 5398, listening on unix:/tmp/passenger.1.0.4661/generation-0/backends/preloader.5398
[ 2014-03-02 08:01:03.7918 5565/0x7fff7da8f310 agents/Watchdog/Main.cpp:510 ]: Options: { 'analytics_log_user' => 'Giggi', 'cleanup_pidfiles' => 'L3Zhci9mb2xkZXJzL2syL19tcmdyNzA1NmY3YnoxM3FqX2p2NGhzaDAwMDBnbi9UL3Bhc3Nlbmdlci1zdGFuZGFsb25lLndpa3dkNC90ZW1wX2Rpcl90b3VjaGVyLnBpZA==', 'default_group' => 'staff', 'default_python' => 'python', 'default_ruby' => '/Users/Giggi/.rvm/wrappers/ruby-2.0.0-p247/ruby', 'default_user' => 'Giggi', 'log_level' => '0', 'max_pool_size' => '6', 'passenger_root' => '/var/folders/k2/_mrgr7056f7bz13qj_jv4hsh0000gn/T/passenger-standalone.wikwd4/locations.ini', 'passenger_version' => '4.0.29', 'pool_idle_time' => '300', 'prestart_urls' => 'aHR0cDovLzAuMC4wLjA6MzAwMAA=', 'temp_dir' => '/tmp', 'union_station_gateway_address' => 'gateway.unionstationapp.com', 'union_station_gateway_port' => '443', 'user_switching' => 'false', 'web_server_passenger_version' => '4.0.29', 'web_server_pid' => '5564', 'web_server_type' => 'nginx', 'web_server_worker_gid' => '-1', 'web_server_worker_uid' => '-1' }
[ 2014-03-02 08:01:03.8314 5567/0x7fff7da8f310 agents/HelperAgent/Main.cpp:625 ]: PassengerHelperAgent online, listening at unix:/tmp/passenger.1.0.5564/generation-0/request
[ 2014-03-02 08:01:03.8584 5569/0x7fff7da8f310 agents/LoggingAgent/Main.cpp:318 ]: PassengerLoggingAgent online, listening at unix:/tmp/passenger.1.0.5564/generation-0/logging
[ 2014-03-02 08:01:03.8589 5565/0x7fff7da8f310 agents/Watchdog/Main.cpp:697 ]: All Phusion Passenger agents started!
App 5590 stdout: 
[ 2014-03-02 08:01:10.6876 5567/0x10acfe000 Pool2/SmartSpawner.h:301 ]: Preloader for /Users/Giggi/ror/aws started on PID 5590, listening on unix:/tmp/passenger.1.0.5564/generation-0/backends/preloader.5590
App 5590 stderr: [deprecated] I18n.enforce_available_locales will default to true in the future. If you really want to skip validation of your locale you can set I18n.enforce_available_locales = false to avoid this message.
App 5590 stderr: 
App 5590 stderr: [deprecated] I18n.enforce_available_locales will default to true in the future. If you really want to skip validation of your locale you can set I18n.enforce_available_locales = false to avoid this message.
App 5590 stderr: [deprecated] I18n.enforce_available_locales will default to true in the future. If you really want to skip validation of your locale you can set I18n.enforce_available_locales = false to avoid this message.
App 6025 stdout: 
[ 2014-03-02 08:14:19.7249 5567/0x10ab0f000 Pool2/SmartSpawner.h:301 ]: Preloader for /Users/Giggi/ror/aws started on PID 6025, listening on unix:/tmp/passenger.1.0.5564/generation-0/backends/preloader.6025
App 6025 stderr: [deprecated] I18n.enforce_available_locales will default to true in the future. If you really want to skip validation of your locale you can set I18n.enforce_available_locales = false to avoid this message.
App 6025 stderr: [deprecated] I18n.enforce_available_locales will default to true in the future. If you really want to skip validation of your locale you can set I18n.enforce_available_locales = false to avoid this message.
App 6025 stderr: 
App 6025 stderr: [deprecated] I18n.enforce_available_locales will default to true in the future. If you really want to skip validation of your locale you can set I18n.enforce_available_locales = false to avoid this message.
[ 2014-03-02 08:17:21.5844 6223/0x7fff7da8f310 agents/Watchdog/Main.cpp:510 ]: Options: { 'analytics_log_user' => 'Giggi', 'cleanup_pidfiles' => 'L3Zhci9mb2xkZXJzL2syL19tcmdyNzA1NmY3YnoxM3FqX2p2NGhzaDAwMDBnbi9UL3Bhc3Nlbmdlci1zdGFuZGFsb25lLjFvdXAwcWsvdGVtcF9kaXJfdG91Y2hlci5waWQ=', 'default_group' => 'staff', 'default_python' => 'python', 'default_ruby' => '/Users/Giggi/.rvm/wrappers/ruby-2.0.0-p247/ruby', 'default_user' => 'Giggi', 'log_level' => '0', 'max_pool_size' => '6', 'passenger_root' => '/var/folders/k2/_mrgr7056f7bz13qj_jv4hsh0000gn/T/passenger-standalone.1oup0qk/locations.ini', 'passenger_version' => '4.0.29', 'pool_idle_time' => '300', 'prestart_urls' => 'aHR0cDovLzAuMC4wLjA6MzAwMAA=', 'temp_dir' => '/tmp', 'union_station_gateway_address' => 'gateway.unionstationapp.com', 'union_station_gateway_port' => '443', 'user_switching' => 'false', 'web_server_passenger_version' => '4.0.29', 'web_server_pid' => '6222', 'web_server_type' => 'nginx', 'web_server_worker_gid' => '-1', 'web_server_worker_uid' => '-1' }
[ 2014-03-02 08:17:21.6239 6225/0x7fff7da8f310 agents/HelperAgent/Main.cpp:625 ]: PassengerHelperAgent online, listening at unix:/tmp/passenger.1.0.6222/generation-0/request
[ 2014-03-02 08:17:21.6413 6227/0x7fff7da8f310 agents/LoggingAgent/Main.cpp:318 ]: PassengerLoggingAgent online, listening at unix:/tmp/passenger.1.0.6222/generation-0/logging
[ 2014-03-02 08:17:21.6417 6223/0x7fff7da8f310 agents/Watchdog/Main.cpp:697 ]: All Phusion Passenger agents started!
App 6239 stdout: 
[ 2014-03-02 08:17:28.7405 6225/0x1090be000 Pool2/SmartSpawner.h:301 ]: Preloader for /Users/Giggi/ror/aws started on PID 6239, listening on unix:/tmp/passenger.1.0.6222/generation-0/backends/preloader.6239
App 6239 stderr: [deprecated] I18n.enforce_available_locales will default to true in the future. If you really want to skip validation of your locale you can set I18n.enforce_available_locales = false to avoid this message.
App 6239 stderr: [deprecated] I18n.enforce_available_locales will default to true in the future. If you really want to skip validation of your locale you can set I18n.enforce_available_locales = false to avoid this message.
App 6239 stderr: [deprecated] I18n.enforce_available_locales will default to true in the future. If you really want to skip validation of your locale you can set I18n.enforce_available_locales = false to avoid this message.
App 6592 stdout: 
[ 2014-03-02 08:27:38.4349 6225/0x108ecf000 Pool2/SmartSpawner.h:301 ]: Preloader for /Users/Giggi/ror/aws started on PID 6592, listening on unix:/tmp/passenger.1.0.6222/generation-0/backends/preloader.6592
